
2015-03-27 00:17:48 [INFO] User guest logged in.
2015-03-27 00:18:06 [ERROR] User kb failed to login correctly
2015-03-27 00:18:36 [ERROR] User KB failed to login correctly
2015-03-27 00:19:10 [INFO] User Keyasha logged in.
2015-03-27 00:19:25 [ERROR] User KB failed to login correctly
2015-03-27 00:19:32 [ERROR] User kb failed to login correctly
2015-03-27 00:21:03 [INFO] User KB logged in.
2015-03-27 00:21:10 [ERROR] User df failed to login correctly
2015-03-27 00:23:13 [ERROR] User guest failed to login correctly
2015-03-27 00:23:25 [INFO] User guest logged in.
2015-03-27 00:23:50 [INFO] User KB logged in.
2015-03-27 00:24:07 [INFO] User Keyasha logged in.

must ask question tomorrow about why today's logs made on 3-26 are logging as 3-27??
2015-03-27 00:27:32 [INFO] User guest logged in.
2015-03-27 00:31:31 [INFO] User guest logged in.
2015-03-27 00:35:39 [INFO] User KB logged in.
2015-03-27 00:39:06 [INFO] User guest logged in.
2015-03-27 00:39:46 [INFO] User guest logged in.
2015-03-27 00:40:59 [INFO] User KB logged in.
2015-03-27 00:41:56 [INFO] User Keyasha logged in.
2015-03-27 00:43:44 [ERROR] User Keyasha failed to login correctly
2015-03-27 00:43:53 [INFO] User Keyasha logged in.
2015-03-27 00:45:49 [INFO] User Keyasha logged in.
2015-03-27 00:47:28 [INFO] User KB logged in.
2015-03-27 00:48:51 [INFO] User KB logged in.
2015-03-27 00:51:12 [INFO] User guest logged in.
2015-03-27 00:52:52 [INFO] User guest logged in.
2015-03-27 00:54:28 [INFO] User Keyasha logged in.
2015-03-27 00:55:28 [INFO] User KB logged in.